<?xml version="1.0" encoding="UTF-8"?>
<testExecutions version="1">
  <file path="/home/yaswan/Downloads/Blinkist_Application_React-main (2) (1)/Blinkist_Application_React-main/src/components/molecules/navItems/navItems.test.tsx">
    <testCase name="Nav Items isPresent" duration="82"/>
    <testCase name="Nav Items onclick" duration="17"/>
  </file>
  <file path="/home/yaswan/Downloads/Blinkist_Application_React-main (2) (1)/Blinkist_Application_React-main/src/components/molecules/buttons/buttons.test.tsx">
    <testCase name="Button Text on Button" duration="37"/>
    <testCase name="Button Icons" duration="38"/>
    <testCase name="Button Button Fired" duration="14"/>
  </file>
  <file path="/home/yaswan/Downloads/Blinkist_Application_React-main (2) (1)/Blinkist_Application_React-main/src/components/organisms/bookView/bookView.test.tsx">
    <testCase name="BookView Text on Books" duration="131"/>
  </file>
  <file path="/home/yaswan/Downloads/Blinkist_Application_React-main (2) (1)/Blinkist_Application_React-main/src/components/molecules/cards/bookCards.test.tsx">
    <testCase name="Book Cards first" duration="87"/>
    <testCase name="Book Cards onAdd Button" duration="45"/>
    <testCase name="Book Cards onReadAgainButton" duration="20"/>
    <testCase name="Book Cards onReadAgainButton click" duration="19"/>
    <testCase name="Book Cards onFinishButton click" duration="29"/>
    <testCase name="Book Cards finished" duration="16"/>
  </file>
  <file path="/home/yaswan/Downloads/Blinkist_Application_React-main (2) (1)/Blinkist_Application_React-main/src/components/organisms/header/header.test.tsx">
    <testCase name="Header Text" duration="113"/>
    <testCase name="Header Explore" duration="97"/>
    <testCase name="Header Explore Click Option" duration="24"/>
    <testCase name="Header My Library Click" duration="18"/>
  </file>
  <file path="/home/yaswan/Downloads/Blinkist_Application_React-main (2) (1)/Blinkist_Application_React-main/src/components/organisms/cardGrid/cardGrid.test.tsx">
    <testCase name="Card Grid Text Tests" duration="121"/>
    <testCase name="Card Grid OnClick for Adding" duration="55"/>
    <testCase name="Card Grid Onclick for reading again" duration="37"/>
  </file>
  <file path="/home/yaswan/Downloads/Blinkist_Application_React-main (2) (1)/Blinkist_Application_React-main/src/components/molecules/tabs/tabs.test.tsx">
    <testCase name="Tabs Check for tabs" duration="31"/>
    <testCase name="Tabs onclick function" duration="11"/>
  </file>
  <file path="/home/yaswan/Downloads/Blinkist_Application_React-main (2) (1)/Blinkist_Application_React-main/src/components/atoms/cover_images/coverImage.test.tsx">
    <testCase name="Cover Image Alt Text" duration="36"/>
    <testCase name="Cover Image Image Tag" duration="68"/>
  </file>
  <file path="/home/yaswan/Downloads/Blinkist_Application_React-main (2) (1)/Blinkist_Application_React-main/src/components/organisms/banner/banner.test.tsx">
    <testCase name="Banner Image" duration="36"/>
    <testCase name="Banner Text in the Banner" duration="12"/>
  </file>
  <file path="/home/yaswan/Downloads/Blinkist_Application_React-main (2) (1)/Blinkist_Application_React-main/src/components/organisms/toolBar/toolbar.test.tsx">
    <testCase name="ToolBar Text" duration="115"/>
    <testCase name="ToolBar onClick" duration="57"/>
  </file>
  <file path="/home/yaswan/Downloads/Blinkist_Application_React-main (2) (1)/Blinkist_Application_React-main/src/components/atoms/Typo/typo.test.tsx">
    <testCase name="Typo Typo Text" duration="26"/>
  </file>
  <file path="/home/yaswan/Downloads/Blinkist_Application_React-main (2) (1)/Blinkist_Application_React-main/src/components/molecules/searchBar/searchBar.test.tsx">
    <testCase name="Search Bar Search Bar Placeholder Test" duration="51"/>
  </file>
  <file path="/home/yaswan/Downloads/Blinkist_Application_React-main (2) (1)/Blinkist_Application_React-main/src/components/atoms/avatar/avatar.test.tsx">
    <testCase name="Avatar Avatar Present" duration="23"/>
  </file>
  <file path="/home/yaswan/Downloads/Blinkist_Application_React-main (2) (1)/Blinkist_Application_React-main/src/components/organisms/footer/footer.test.tsx">
    <testCase name="Footer Text" duration="34"/>
  </file>
</testExecutions>