<?xml version="1.0" encoding="UTF-8"?>
<testExecutions version="1">
  <file path="/home/yaswan/Downloads/Blinkist_Application_React-main (2) (1)/Blinkist_Application_React-main/src/components/molecules/buttons/buttons.test.tsx">
    <testCase name="Button Text on Button" duration="41"/>
    <testCase name="Button Icons" duration="37"/>
    <testCase name="Button Button Fired" duration="14"/>
  </file>
  <file path="/home/yaswan/Downloads/Blinkist_Application_React-main (2) (1)/Blinkist_Application_React-main/src/components/organisms/bookView/bookView.test.tsx">
    <testCase name="BookView Text on Books" duration="126"/>
  </file>
  <file path="/home/yaswan/Downloads/Blinkist_Application_React-main (2) (1)/Blinkist_Application_React-main/src/components/molecules/navItems/navItems.test.tsx">
    <testCase name="Nav Items isPresent" duration="85"/>
    <testCase name="Nav Items onclick" duration="35"/>
  </file>
  <file path="/home/yaswan/Downloads/Blinkist_Application_React-main (2) (1)/Blinkist_Application_React-main/src/components/molecules/cards/bookCards.test.tsx">
    <testCase name="Book Cards first" duration="99"/>
    <testCase name="Book Cards onAdd Button" duration="34"/>
    <testCase name="Book Cards onReadAgainButton" duration="22"/>
    <testCase name="Book Cards onReadAgainButton click" duration="25"/>
    <testCase name="Book Cards onFinishButton click" duration="23"/>
    <testCase name="Book Cards finished" duration="21"/>
  </file>
  <file path="/home/yaswan/Downloads/Blinkist_Application_React-main (2) (1)/Blinkist_Application_React-main/src/components/organisms/header/header.test.tsx">
    <testCase name="Header Text" duration="88"/>
    <testCase name="Header Explore" duration="90"/>
    <testCase name="Header Explore Click Option" duration="28"/>
    <testCase name="Header My Library Click" duration="24"/>
  </file>
  <file path="/home/yaswan/Downloads/Blinkist_Application_React-main (2) (1)/Blinkist_Application_React-main/src/components/organisms/banner/banner.test.tsx">
    <testCase name="Banner Image" duration="32"/>
    <testCase name="Banner Text in the Banner" duration="15"/>
  </file>
  <file path="/home/yaswan/Downloads/Blinkist_Application_React-main (2) (1)/Blinkist_Application_React-main/src/components/atoms/cover_images/coverImage.test.tsx">
    <testCase name="Cover Image Alt Text" duration="33"/>
    <testCase name="Cover Image Image Tag" duration="60"/>
  </file>
  <file path="/home/yaswan/Downloads/Blinkist_Application_React-main (2) (1)/Blinkist_Application_React-main/src/components/molecules/tabs/tabs.test.tsx">
    <testCase name="Tabs Check for tabs" duration="39"/>
    <testCase name="Tabs onclick function" duration="12"/>
  </file>
  <file path="/home/yaswan/Downloads/Blinkist_Application_React-main (2) (1)/Blinkist_Application_React-main/src/components/organisms/cardGrid/cardGrid.test.tsx">
    <testCase name="Card Grid Text Tests" duration="150"/>
    <testCase name="Card Grid OnClick for Adding" duration="40"/>
    <testCase name="Card Grid Onclick for reading again" duration="46"/>
  </file>
  <file path="/home/yaswan/Downloads/Blinkist_Application_React-main (2) (1)/Blinkist_Application_React-main/src/components/molecules/searchBar/searchBar.test.tsx">
    <testCase name="Search Bar Search Bar Placeholder Test" duration="58"/>
  </file>
  <file path="/home/yaswan/Downloads/Blinkist_Application_React-main (2) (1)/Blinkist_Application_React-main/src/components/organisms/toolBar/toolbar.test.tsx">
    <testCase name="ToolBar Text" duration="114"/>
    <testCase name="ToolBar onClick" duration="57"/>
  </file>
  <file path="/home/yaswan/Downloads/Blinkist_Application_React-main (2) (1)/Blinkist_Application_React-main/src/components/atoms/Typo/typo.test.tsx">
    <testCase name="Typo Typo Text" duration="21"/>
  </file>
  <file path="/home/yaswan/Downloads/Blinkist_Application_React-main (2) (1)/Blinkist_Application_React-main/src/components/atoms/avatar/avatar.test.tsx">
    <testCase name="Avatar Avatar Present" duration="23"/>
  </file>
  <file path="/home/yaswan/Downloads/Blinkist_Application_React-main (2) (1)/Blinkist_Application_React-main/src/components/organisms/footer/footer.test.tsx">
    <testCase name="Footer Text" duration="36"/>
  </file>
</testExecutions>